ARM GAS  C:\Users\emblink\AppData\Local\Temp\ccja45TY.s 			page 1


   1              		.cpu cortex-m3
   2              		.eabi_attribute 20, 1
   3              		.eabi_attribute 21, 1
   4              		.eabi_attribute 23, 3
   5              		.eabi_attribute 24, 1
   6              		.eabi_attribute 25, 1
   7              		.eabi_attribute 26, 1
   8              		.eabi_attribute 30, 1
   9              		.eabi_attribute 34, 1
  10              		.eabi_attribute 18, 4
  11              		.file	"main.c"
  12              		.text
  13              	.Ltext0:
  14              		.cfi_sections	.debug_frame
  15              		.section	.text.MX_GPIO_Init,"ax",%progbits
  16              		.align	1
  17              		.arch armv7-m
  18              		.syntax unified
  19              		.thumb
  20              		.thumb_func
  21              		.fpu softvfp
  23              	MX_GPIO_Init:
  24              	.LFB67:
  25              		.file 1 "Src/main.c"
   1:Src/main.c    **** /* USER CODE BEGIN Header */
   2:Src/main.c    **** /**
   3:Src/main.c    ****   ******************************************************************************
   4:Src/main.c    ****   * @file           : main.c
   5:Src/main.c    ****   * @brief          : Main program body
   6:Src/main.c    ****   ******************************************************************************
   7:Src/main.c    ****   * @attention
   8:Src/main.c    ****   *
   9:Src/main.c    ****   * <h2><center>&copy; Copyright (c) 2019 STMicroelectronics.
  10:Src/main.c    ****   * All rights reserved.</center></h2>
  11:Src/main.c    ****   *
  12:Src/main.c    ****   * This software component is licensed by ST under BSD 3-Clause license,
  13:Src/main.c    ****   * the "License"; You may not use this file except in compliance with the
  14:Src/main.c    ****   * License. You may obtain a copy of the License at:
  15:Src/main.c    ****   *                        opensource.org/licenses/BSD-3-Clause
  16:Src/main.c    ****   *
  17:Src/main.c    ****   ******************************************************************************
  18:Src/main.c    ****   */
  19:Src/main.c    **** /* USER CODE END Header */
  20:Src/main.c    **** 
  21:Src/main.c    **** /* Includes ------------------------------------------------------------------*/
  22:Src/main.c    **** #include "main.h"
  23:Src/main.c    **** 
  24:Src/main.c    **** /* Private includes ----------------------------------------------------------*/
  25:Src/main.c    **** /* USER CODE BEGIN Includes */
  26:Src/main.c    **** #include "stm32f1xx_hal_gpio.h"
  27:Src/main.c    **** /* USER CODE END Includes */
  28:Src/main.c    **** 
  29:Src/main.c    **** /* Private typedef -----------------------------------------------------------*/
  30:Src/main.c    **** /* USER CODE BEGIN PTD */
  31:Src/main.c    **** 
  32:Src/main.c    **** /* USER CODE END PTD */
  33:Src/main.c    **** 
ARM GAS  C:\Users\emblink\AppData\Local\Temp\ccja45TY.s 			page 2


  34:Src/main.c    **** /* Private define ------------------------------------------------------------*/
  35:Src/main.c    **** /* USER CODE BEGIN PD */
  36:Src/main.c    **** /* USER CODE END PD */
  37:Src/main.c    **** 
  38:Src/main.c    **** /* Private macro -------------------------------------------------------------*/
  39:Src/main.c    **** /* USER CODE BEGIN PM */
  40:Src/main.c    **** 
  41:Src/main.c    **** /* USER CODE END PM */
  42:Src/main.c    **** 
  43:Src/main.c    **** /* Private variables ---------------------------------------------------------*/
  44:Src/main.c    **** 
  45:Src/main.c    **** /* USER CODE BEGIN PV */
  46:Src/main.c    **** 
  47:Src/main.c    **** /* USER CODE END PV */
  48:Src/main.c    **** 
  49:Src/main.c    **** /* Private function prototypes -----------------------------------------------*/
  50:Src/main.c    **** void SystemClock_Config(void);
  51:Src/main.c    **** static void MX_GPIO_Init(void);
  52:Src/main.c    **** /* USER CODE BEGIN PFP */
  53:Src/main.c    **** 
  54:Src/main.c    **** /* USER CODE END PFP */
  55:Src/main.c    **** 
  56:Src/main.c    **** /* Private user code ---------------------------------------------------------*/
  57:Src/main.c    **** /* USER CODE BEGIN 0 */
  58:Src/main.c    **** 
  59:Src/main.c    **** /* USER CODE END 0 */
  60:Src/main.c    **** 
  61:Src/main.c    **** /**
  62:Src/main.c    ****   * @brief  The application entry point.
  63:Src/main.c    ****   * @retval int
  64:Src/main.c    ****   */
  65:Src/main.c    **** int main(void)
  66:Src/main.c    **** {
  67:Src/main.c    ****   /* USER CODE BEGIN 1 */
  68:Src/main.c    **** 
  69:Src/main.c    ****   /* USER CODE END 1 */
  70:Src/main.c    ****   
  71:Src/main.c    **** 
  72:Src/main.c    ****   /* MCU Configuration--------------------------------------------------------*/
  73:Src/main.c    **** 
  74:Src/main.c    ****   /* Reset of all peripherals, Initializes the Flash interface and the Systick. */
  75:Src/main.c    ****   HAL_Init();
  76:Src/main.c    **** 
  77:Src/main.c    ****   /* USER CODE BEGIN Init */
  78:Src/main.c    **** 
  79:Src/main.c    ****   /* USER CODE END Init */
  80:Src/main.c    **** 
  81:Src/main.c    ****   /* Configure the system clock */
  82:Src/main.c    ****   SystemClock_Config();
  83:Src/main.c    **** 
  84:Src/main.c    ****   /* USER CODE BEGIN SysInit */
  85:Src/main.c    **** 
  86:Src/main.c    ****   /* USER CODE END SysInit */
  87:Src/main.c    **** 
  88:Src/main.c    ****   /* Initialize all configured peripherals */
  89:Src/main.c    ****   MX_GPIO_Init();
  90:Src/main.c    ****   /* USER CODE BEGIN 2 */
ARM GAS  C:\Users\emblink\AppData\Local\Temp\ccja45TY.s 			page 3


  91:Src/main.c    **** 
  92:Src/main.c    ****   /* USER CODE END 2 */
  93:Src/main.c    **** 
  94:Src/main.c    ****   /* Infinite loop */
  95:Src/main.c    ****   /* USER CODE BEGIN WHILE */
  96:Src/main.c    ****   while (1)
  97:Src/main.c    ****   {
  98:Src/main.c    ****     /* USER CODE END WHILE */
  99:Src/main.c    **** 
 100:Src/main.c    ****     /* USER CODE BEGIN 3 */
 101:Src/main.c    ****     HAL_Delay(500);
 102:Src/main.c    ****     HAL_GPIO_TogglePin(GPIOC, GPIO_PIN_13);
 103:Src/main.c    ****   }
 104:Src/main.c    ****   /* USER CODE END 3 */
 105:Src/main.c    **** }
 106:Src/main.c    **** 
 107:Src/main.c    **** /**
 108:Src/main.c    ****   * @brief System Clock Configuration
 109:Src/main.c    ****   * @retval None
 110:Src/main.c    ****   */
 111:Src/main.c    **** void SystemClock_Config(void)
 112:Src/main.c    **** {
 113:Src/main.c    ****   RCC_OscInitTypeDef RCC_OscInitStruct = {0};
 114:Src/main.c    ****   RCC_ClkInitTypeDef RCC_ClkInitStruct = {0};
 115:Src/main.c    **** 
 116:Src/main.c    ****   /** Initializes the CPU, AHB and APB busses clocks 
 117:Src/main.c    ****   */
 118:Src/main.c    ****   RCC_OscInitStruct.OscillatorType = RCC_OSCILLATORTYPE_HSE;
 119:Src/main.c    ****   RCC_OscInitStruct.HSEState = RCC_HSE_ON;
 120:Src/main.c    ****   RCC_OscInitStruct.HSEPredivValue = RCC_HSE_PREDIV_DIV1;
 121:Src/main.c    ****   RCC_OscInitStruct.HSIState = RCC_HSI_ON;
 122:Src/main.c    ****   RCC_OscInitStruct.PLL.PLLState = RCC_PLL_ON;
 123:Src/main.c    ****   RCC_OscInitStruct.PLL.PLLSource = RCC_PLLSOURCE_HSE;
 124:Src/main.c    ****   RCC_OscInitStruct.PLL.PLLMUL = RCC_PLL_MUL9;
 125:Src/main.c    ****   if (HAL_RCC_OscConfig(&RCC_OscInitStruct) != HAL_OK)
 126:Src/main.c    ****   {
 127:Src/main.c    ****     Error_Handler();
 128:Src/main.c    ****   }
 129:Src/main.c    ****   /** Initializes the CPU, AHB and APB busses clocks 
 130:Src/main.c    ****   */
 131:Src/main.c    ****   RCC_ClkInitStruct.ClockType = RCC_CLOCKTYPE_HCLK|RCC_CLOCKTYPE_SYSCLK
 132:Src/main.c    ****                               |RCC_CLOCKTYPE_PCLK1|RCC_CLOCKTYPE_PCLK2;
 133:Src/main.c    ****   RCC_ClkInitStruct.SYSCLKSource = RCC_SYSCLKSOURCE_PLLCLK;
 134:Src/main.c    ****   RCC_ClkInitStruct.AHBCLKDivider = RCC_SYSCLK_DIV1;
 135:Src/main.c    ****   RCC_ClkInitStruct.APB1CLKDivider = RCC_HCLK_DIV2;
 136:Src/main.c    ****   RCC_ClkInitStruct.APB2CLKDivider = RCC_HCLK_DIV1;
 137:Src/main.c    **** 
 138:Src/main.c    ****   if (HAL_RCC_ClockConfig(&RCC_ClkInitStruct, FLASH_LATENCY_2) != HAL_OK)
 139:Src/main.c    ****   {
 140:Src/main.c    ****     Error_Handler();
 141:Src/main.c    ****   }
 142:Src/main.c    **** }
 143:Src/main.c    **** 
 144:Src/main.c    **** /**
 145:Src/main.c    ****   * @brief GPIO Initialization Function
 146:Src/main.c    ****   * @param None
 147:Src/main.c    ****   * @retval None
ARM GAS  C:\Users\emblink\AppData\Local\Temp\ccja45TY.s 			page 4


 148:Src/main.c    ****   */
 149:Src/main.c    **** static void MX_GPIO_Init(void)
 150:Src/main.c    **** {
  26              		.loc 1 150 1 view -0
  27              		.cfi_startproc
  28              		@ args = 0, pretend = 0, frame = 24
  29              		@ frame_needed = 0, uses_anonymous_args = 0
  30 0000 30B5     		push	{r4, r5, lr}
  31              	.LCFI0:
  32              		.cfi_def_cfa_offset 12
  33              		.cfi_offset 4, -12
  34              		.cfi_offset 5, -8
  35              		.cfi_offset 14, -4
  36 0002 87B0     		sub	sp, sp, #28
  37              	.LCFI1:
  38              		.cfi_def_cfa_offset 40
 151:Src/main.c    ****   GPIO_InitTypeDef GPIO_InitStruct = {0};
  39              		.loc 1 151 3 view .LVU1
  40              		.loc 1 151 20 is_stmt 0 view .LVU2
  41 0004 0024     		movs	r4, #0
  42 0006 0294     		str	r4, [sp, #8]
  43 0008 0394     		str	r4, [sp, #12]
  44 000a 0494     		str	r4, [sp, #16]
  45 000c 0594     		str	r4, [sp, #20]
 152:Src/main.c    **** 
 153:Src/main.c    ****   /* GPIO Ports Clock Enable */
 154:Src/main.c    ****   __HAL_RCC_GPIOC_CLK_ENABLE();
  46              		.loc 1 154 3 is_stmt 1 view .LVU3
  47              	.LBB2:
  48              		.loc 1 154 3 view .LVU4
  49              		.loc 1 154 3 view .LVU5
  50 000e 134B     		ldr	r3, .L3
  51 0010 9A69     		ldr	r2, [r3, #24]
  52 0012 42F01002 		orr	r2, r2, #16
  53 0016 9A61     		str	r2, [r3, #24]
  54              		.loc 1 154 3 view .LVU6
  55 0018 9A69     		ldr	r2, [r3, #24]
  56 001a 02F01002 		and	r2, r2, #16
  57 001e 0092     		str	r2, [sp]
  58              		.loc 1 154 3 view .LVU7
  59 0020 009A     		ldr	r2, [sp]
  60              	.LBE2:
 155:Src/main.c    ****   __HAL_RCC_GPIOD_CLK_ENABLE();
  61              		.loc 1 155 3 view .LVU8
  62              	.LBB3:
  63              		.loc 1 155 3 view .LVU9
  64              		.loc 1 155 3 view .LVU10
  65 0022 9A69     		ldr	r2, [r3, #24]
  66 0024 42F02002 		orr	r2, r2, #32
  67 0028 9A61     		str	r2, [r3, #24]
  68              		.loc 1 155 3 view .LVU11
  69 002a 9B69     		ldr	r3, [r3, #24]
  70 002c 03F02003 		and	r3, r3, #32
  71 0030 0193     		str	r3, [sp, #4]
  72              		.loc 1 155 3 view .LVU12
  73 0032 019B     		ldr	r3, [sp, #4]
  74              	.LBE3:
ARM GAS  C:\Users\emblink\AppData\Local\Temp\ccja45TY.s 			page 5


 156:Src/main.c    **** 
 157:Src/main.c    ****   /*Configure GPIO pin Output Level */
 158:Src/main.c    ****   HAL_GPIO_WritePin(GPIOC, GPIO_PIN_13, GPIO_PIN_RESET);
  75              		.loc 1 158 3 view .LVU13
  76 0034 0A4D     		ldr	r5, .L3+4
  77 0036 2246     		mov	r2, r4
  78 0038 4FF40051 		mov	r1, #8192
  79 003c 2846     		mov	r0, r5
  80 003e FFF7FEFF 		bl	HAL_GPIO_WritePin
  81              	.LVL0:
 159:Src/main.c    **** 
 160:Src/main.c    ****   /*Configure GPIO pin : PC13 */
 161:Src/main.c    ****   GPIO_InitStruct.Pin = GPIO_PIN_13;
  82              		.loc 1 161 3 view .LVU14
  83              		.loc 1 161 23 is_stmt 0 view .LVU15
  84 0042 4FF40053 		mov	r3, #8192
  85 0046 0293     		str	r3, [sp, #8]
 162:Src/main.c    ****   GPIO_InitStruct.Mode = GPIO_MODE_OUTPUT_PP;
  86              		.loc 1 162 3 is_stmt 1 view .LVU16
  87              		.loc 1 162 24 is_stmt 0 view .LVU17
  88 0048 0123     		movs	r3, #1
  89 004a 0393     		str	r3, [sp, #12]
 163:Src/main.c    ****   GPIO_InitStruct.Pull = GPIO_NOPULL;
  90              		.loc 1 163 3 is_stmt 1 view .LVU18
  91              		.loc 1 163 24 is_stmt 0 view .LVU19
  92 004c 0494     		str	r4, [sp, #16]
 164:Src/main.c    ****   GPIO_InitStruct.Speed = GPIO_SPEED_FREQ_MEDIUM;
  93              		.loc 1 164 3 is_stmt 1 view .LVU20
  94              		.loc 1 164 25 is_stmt 0 view .LVU21
  95 004e 0593     		str	r3, [sp, #20]
 165:Src/main.c    ****   HAL_GPIO_Init(GPIOC, &GPIO_InitStruct);
  96              		.loc 1 165 3 is_stmt 1 view .LVU22
  97 0050 02A9     		add	r1, sp, #8
  98 0052 2846     		mov	r0, r5
  99 0054 FFF7FEFF 		bl	HAL_GPIO_Init
 100              	.LVL1:
 166:Src/main.c    **** 
 167:Src/main.c    **** }
 101              		.loc 1 167 1 is_stmt 0 view .LVU23
 102 0058 07B0     		add	sp, sp, #28
 103              	.LCFI2:
 104              		.cfi_def_cfa_offset 12
 105              		@ sp needed
 106 005a 30BD     		pop	{r4, r5, pc}
 107              	.L4:
 108              		.align	2
 109              	.L3:
 110 005c 00100240 		.word	1073876992
 111 0060 00100140 		.word	1073811456
 112              		.cfi_endproc
 113              	.LFE67:
 115              		.section	.text.SystemClock_Config,"ax",%progbits
 116              		.align	1
 117              		.global	SystemClock_Config
 118              		.syntax unified
 119              		.thumb
 120              		.thumb_func
ARM GAS  C:\Users\emblink\AppData\Local\Temp\ccja45TY.s 			page 6


 121              		.fpu softvfp
 123              	SystemClock_Config:
 124              	.LFB66:
 112:Src/main.c    ****   RCC_OscInitTypeDef RCC_OscInitStruct = {0};
 125              		.loc 1 112 1 is_stmt 1 view -0
 126              		.cfi_startproc
 127              		@ args = 0, pretend = 0, frame = 64
 128              		@ frame_needed = 0, uses_anonymous_args = 0
 129 0000 30B5     		push	{r4, r5, lr}
 130              	.LCFI3:
 131              		.cfi_def_cfa_offset 12
 132              		.cfi_offset 4, -12
 133              		.cfi_offset 5, -8
 134              		.cfi_offset 14, -4
 135 0002 91B0     		sub	sp, sp, #68
 136              	.LCFI4:
 137              		.cfi_def_cfa_offset 80
 113:Src/main.c    ****   RCC_ClkInitTypeDef RCC_ClkInitStruct = {0};
 138              		.loc 1 113 3 view .LVU25
 113:Src/main.c    ****   RCC_ClkInitTypeDef RCC_ClkInitStruct = {0};
 139              		.loc 1 113 22 is_stmt 0 view .LVU26
 140 0004 0024     		movs	r4, #0
 141 0006 0894     		str	r4, [sp, #32]
 142 0008 0994     		str	r4, [sp, #36]
 143 000a 0B94     		str	r4, [sp, #44]
 144 000c 0C94     		str	r4, [sp, #48]
 114:Src/main.c    **** 
 145              		.loc 1 114 3 is_stmt 1 view .LVU27
 114:Src/main.c    **** 
 146              		.loc 1 114 22 is_stmt 0 view .LVU28
 147 000e 0194     		str	r4, [sp, #4]
 148 0010 0294     		str	r4, [sp, #8]
 149 0012 0394     		str	r4, [sp, #12]
 150 0014 0494     		str	r4, [sp, #16]
 151 0016 0594     		str	r4, [sp, #20]
 118:Src/main.c    ****   RCC_OscInitStruct.HSEState = RCC_HSE_ON;
 152              		.loc 1 118 3 is_stmt 1 view .LVU29
 118:Src/main.c    ****   RCC_OscInitStruct.HSEState = RCC_HSE_ON;
 153              		.loc 1 118 36 is_stmt 0 view .LVU30
 154 0018 0122     		movs	r2, #1
 155 001a 0692     		str	r2, [sp, #24]
 119:Src/main.c    ****   RCC_OscInitStruct.HSEPredivValue = RCC_HSE_PREDIV_DIV1;
 156              		.loc 1 119 3 is_stmt 1 view .LVU31
 119:Src/main.c    ****   RCC_OscInitStruct.HSEPredivValue = RCC_HSE_PREDIV_DIV1;
 157              		.loc 1 119 30 is_stmt 0 view .LVU32
 158 001c 4FF48033 		mov	r3, #65536
 159 0020 0793     		str	r3, [sp, #28]
 120:Src/main.c    ****   RCC_OscInitStruct.HSIState = RCC_HSI_ON;
 160              		.loc 1 120 3 is_stmt 1 view .LVU33
 121:Src/main.c    ****   RCC_OscInitStruct.PLL.PLLState = RCC_PLL_ON;
 161              		.loc 1 121 3 view .LVU34
 121:Src/main.c    ****   RCC_OscInitStruct.PLL.PLLState = RCC_PLL_ON;
 162              		.loc 1 121 30 is_stmt 0 view .LVU35
 163 0022 0A92     		str	r2, [sp, #40]
 122:Src/main.c    ****   RCC_OscInitStruct.PLL.PLLSource = RCC_PLLSOURCE_HSE;
 164              		.loc 1 122 3 is_stmt 1 view .LVU36
 122:Src/main.c    ****   RCC_OscInitStruct.PLL.PLLSource = RCC_PLLSOURCE_HSE;
ARM GAS  C:\Users\emblink\AppData\Local\Temp\ccja45TY.s 			page 7


 165              		.loc 1 122 34 is_stmt 0 view .LVU37
 166 0024 0225     		movs	r5, #2
 167 0026 0D95     		str	r5, [sp, #52]
 123:Src/main.c    ****   RCC_OscInitStruct.PLL.PLLMUL = RCC_PLL_MUL9;
 168              		.loc 1 123 3 is_stmt 1 view .LVU38
 123:Src/main.c    ****   RCC_OscInitStruct.PLL.PLLMUL = RCC_PLL_MUL9;
 169              		.loc 1 123 35 is_stmt 0 view .LVU39
 170 0028 0E93     		str	r3, [sp, #56]
 124:Src/main.c    ****   if (HAL_RCC_OscConfig(&RCC_OscInitStruct) != HAL_OK)
 171              		.loc 1 124 3 is_stmt 1 view .LVU40
 124:Src/main.c    ****   if (HAL_RCC_OscConfig(&RCC_OscInitStruct) != HAL_OK)
 172              		.loc 1 124 32 is_stmt 0 view .LVU41
 173 002a 4FF4E013 		mov	r3, #1835008
 174 002e 0F93     		str	r3, [sp, #60]
 125:Src/main.c    ****   {
 175              		.loc 1 125 3 is_stmt 1 view .LVU42
 125:Src/main.c    ****   {
 176              		.loc 1 125 7 is_stmt 0 view .LVU43
 177 0030 06A8     		add	r0, sp, #24
 178 0032 FFF7FEFF 		bl	HAL_RCC_OscConfig
 179              	.LVL2:
 131:Src/main.c    ****                               |RCC_CLOCKTYPE_PCLK1|RCC_CLOCKTYPE_PCLK2;
 180              		.loc 1 131 3 is_stmt 1 view .LVU44
 131:Src/main.c    ****                               |RCC_CLOCKTYPE_PCLK1|RCC_CLOCKTYPE_PCLK2;
 181              		.loc 1 131 31 is_stmt 0 view .LVU45
 182 0036 0F23     		movs	r3, #15
 183 0038 0193     		str	r3, [sp, #4]
 133:Src/main.c    ****   RCC_ClkInitStruct.AHBCLKDivider = RCC_SYSCLK_DIV1;
 184              		.loc 1 133 3 is_stmt 1 view .LVU46
 133:Src/main.c    ****   RCC_ClkInitStruct.AHBCLKDivider = RCC_SYSCLK_DIV1;
 185              		.loc 1 133 34 is_stmt 0 view .LVU47
 186 003a 0295     		str	r5, [sp, #8]
 134:Src/main.c    ****   RCC_ClkInitStruct.APB1CLKDivider = RCC_HCLK_DIV2;
 187              		.loc 1 134 3 is_stmt 1 view .LVU48
 134:Src/main.c    ****   RCC_ClkInitStruct.APB1CLKDivider = RCC_HCLK_DIV2;
 188              		.loc 1 134 35 is_stmt 0 view .LVU49
 189 003c 0394     		str	r4, [sp, #12]
 135:Src/main.c    ****   RCC_ClkInitStruct.APB2CLKDivider = RCC_HCLK_DIV1;
 190              		.loc 1 135 3 is_stmt 1 view .LVU50
 135:Src/main.c    ****   RCC_ClkInitStruct.APB2CLKDivider = RCC_HCLK_DIV1;
 191              		.loc 1 135 36 is_stmt 0 view .LVU51
 192 003e 4FF48063 		mov	r3, #1024
 193 0042 0493     		str	r3, [sp, #16]
 136:Src/main.c    **** 
 194              		.loc 1 136 3 is_stmt 1 view .LVU52
 136:Src/main.c    **** 
 195              		.loc 1 136 36 is_stmt 0 view .LVU53
 196 0044 0594     		str	r4, [sp, #20]
 138:Src/main.c    ****   {
 197              		.loc 1 138 3 is_stmt 1 view .LVU54
 138:Src/main.c    ****   {
 198              		.loc 1 138 7 is_stmt 0 view .LVU55
 199 0046 2946     		mov	r1, r5
 200 0048 01A8     		add	r0, sp, #4
 201 004a FFF7FEFF 		bl	HAL_RCC_ClockConfig
 202              	.LVL3:
 142:Src/main.c    **** 
ARM GAS  C:\Users\emblink\AppData\Local\Temp\ccja45TY.s 			page 8


 203              		.loc 1 142 1 view .LVU56
 204 004e 11B0     		add	sp, sp, #68
 205              	.LCFI5:
 206              		.cfi_def_cfa_offset 12
 207              		@ sp needed
 208 0050 30BD     		pop	{r4, r5, pc}
 209              		.cfi_endproc
 210              	.LFE66:
 212              		.section	.text.main,"ax",%progbits
 213              		.align	1
 214              		.global	main
 215              		.syntax unified
 216              		.thumb
 217              		.thumb_func
 218              		.fpu softvfp
 220              	main:
 221              	.LFB65:
  66:Src/main.c    ****   /* USER CODE BEGIN 1 */
 222              		.loc 1 66 1 is_stmt 1 view -0
 223              		.cfi_startproc
 224              		@ Volatile: function does not return.
 225              		@ args = 0, pretend = 0, frame = 0
 226              		@ frame_needed = 0, uses_anonymous_args = 0
 227 0000 08B5     		push	{r3, lr}
 228              	.LCFI6:
 229              		.cfi_def_cfa_offset 8
 230              		.cfi_offset 3, -8
 231              		.cfi_offset 14, -4
  75:Src/main.c    **** 
 232              		.loc 1 75 3 view .LVU58
 233 0002 FFF7FEFF 		bl	HAL_Init
 234              	.LVL4:
  82:Src/main.c    **** 
 235              		.loc 1 82 3 view .LVU59
 236 0006 FFF7FEFF 		bl	SystemClock_Config
 237              	.LVL5:
  89:Src/main.c    ****   /* USER CODE BEGIN 2 */
 238              		.loc 1 89 3 view .LVU60
 239 000a FFF7FEFF 		bl	MX_GPIO_Init
 240              	.LVL6:
 241              	.L8:
  96:Src/main.c    ****   {
 242              		.loc 1 96 3 discriminator 1 view .LVU61
 101:Src/main.c    ****     HAL_GPIO_TogglePin(GPIOC, GPIO_PIN_13);
 243              		.loc 1 101 5 discriminator 1 view .LVU62
 244 000e 4FF4FA70 		mov	r0, #500
 245 0012 FFF7FEFF 		bl	HAL_Delay
 246              	.LVL7:
 102:Src/main.c    ****   }
 247              		.loc 1 102 5 discriminator 1 view .LVU63
 248 0016 4FF40051 		mov	r1, #8192
 249 001a 0248     		ldr	r0, .L10
 250 001c FFF7FEFF 		bl	HAL_GPIO_TogglePin
 251              	.LVL8:
 252 0020 F5E7     		b	.L8
 253              	.L11:
 254 0022 00BF     		.align	2
ARM GAS  C:\Users\emblink\AppData\Local\Temp\ccja45TY.s 			page 9


 255              	.L10:
 256 0024 00100140 		.word	1073811456
 257              		.cfi_endproc
 258              	.LFE65:
 260              		.section	.text.Error_Handler,"ax",%progbits
 261              		.align	1
 262              		.global	Error_Handler
 263              		.syntax unified
 264              		.thumb
 265              		.thumb_func
 266              		.fpu softvfp
 268              	Error_Handler:
 269              	.LFB68:
 168:Src/main.c    **** 
 169:Src/main.c    **** /* USER CODE BEGIN 4 */
 170:Src/main.c    **** 
 171:Src/main.c    **** /* USER CODE END 4 */
 172:Src/main.c    **** 
 173:Src/main.c    **** /**
 174:Src/main.c    ****   * @brief  This function is executed in case of error occurrence.
 175:Src/main.c    ****   * @retval None
 176:Src/main.c    ****   */
 177:Src/main.c    **** void Error_Handler(void)
 178:Src/main.c    **** {
 270              		.loc 1 178 1 view -0
 271              		.cfi_startproc
 272              		@ args = 0, pretend = 0, frame = 0
 273              		@ frame_needed = 0, uses_anonymous_args = 0
 274              		@ link register save eliminated.
 179:Src/main.c    ****   /* USER CODE BEGIN Error_Handler_Debug */
 180:Src/main.c    ****   /* User can add his own implementation to report the HAL error return state */
 181:Src/main.c    **** 
 182:Src/main.c    ****   /* USER CODE END Error_Handler_Debug */
 183:Src/main.c    **** }
 275              		.loc 1 183 1 view .LVU65
 276 0000 7047     		bx	lr
 277              		.cfi_endproc
 278              	.LFE68:
 280              		.text
 281              	.Letext0:
 282              		.file 2 "e:\\programming\\gnu-mcu-eclipse-arm-none-eabi-gcc-8.2.1-1.4-20190214-0604-win64\\gnu mcu
 283              		.file 3 "e:\\programming\\gnu-mcu-eclipse-arm-none-eabi-gcc-8.2.1-1.4-20190214-0604-win64\\gnu mcu
 284              		.file 4 "Drivers/CMSIS/Include/core_cm3.h"
 285              		.file 5 "Drivers/CMSIS/Device/ST/STM32F1xx/Include/system_stm32f1xx.h"
 286              		.file 6 "Drivers/CMSIS/Device/ST/STM32F1xx/Include/stm32f103xb.h"
 287              		.file 7 "Drivers/STM32F1xx_HAL_Driver/Inc/stm32f1xx_hal_rcc.h"
 288              		.file 8 "Drivers/STM32F1xx_HAL_Driver/Inc/stm32f1xx_hal_rcc_ex.h"
 289              		.file 9 "Drivers/STM32F1xx_HAL_Driver/Inc/stm32f1xx_hal_gpio.h"
 290              		.file 10 "Drivers/STM32F1xx_HAL_Driver/Inc/stm32f1xx_hal_def.h"
 291              		.file 11 "Drivers/STM32F1xx_HAL_Driver/Inc/stm32f1xx_hal.h"
ARM GAS  C:\Users\emblink\AppData\Local\Temp\ccja45TY.s 			page 10


DEFINED SYMBOLS
                            *ABS*:0000000000000000 main.c
C:\Users\emblink\AppData\Local\Temp\ccja45TY.s:16     .text.MX_GPIO_Init:0000000000000000 $t
C:\Users\emblink\AppData\Local\Temp\ccja45TY.s:23     .text.MX_GPIO_Init:0000000000000000 MX_GPIO_Init
C:\Users\emblink\AppData\Local\Temp\ccja45TY.s:110    .text.MX_GPIO_Init:000000000000005c $d
C:\Users\emblink\AppData\Local\Temp\ccja45TY.s:116    .text.SystemClock_Config:0000000000000000 $t
C:\Users\emblink\AppData\Local\Temp\ccja45TY.s:123    .text.SystemClock_Config:0000000000000000 SystemClock_Config
C:\Users\emblink\AppData\Local\Temp\ccja45TY.s:213    .text.main:0000000000000000 $t
C:\Users\emblink\AppData\Local\Temp\ccja45TY.s:220    .text.main:0000000000000000 main
C:\Users\emblink\AppData\Local\Temp\ccja45TY.s:256    .text.main:0000000000000024 $d
C:\Users\emblink\AppData\Local\Temp\ccja45TY.s:261    .text.Error_Handler:0000000000000000 $t
C:\Users\emblink\AppData\Local\Temp\ccja45TY.s:268    .text.Error_Handler:0000000000000000 Error_Handler

UNDEFINED SYMBOLS
HAL_GPIO_WritePin
HAL_GPIO_Init
HAL_RCC_OscConfig
HAL_RCC_ClockConfig
HAL_Init
HAL_Delay
HAL_GPIO_TogglePin
